c:\project\pjsip\pjnath\lib\pjnath-i386-win32-vc11-debug.bsc
c:\project\pjsip\pjnath\build\output\pjnath-i386-win32-vc11-debug\vc120.pdb
c:\project\pjsip\pjnath\build\output\pjnath-i386-win32-vc11-debug\vc120.idb
c:\project\pjsip\pjnath\build\output\pjnath-i386-win32-vc11-debug\errno.sbr
c:\project\pjsip\pjnath\build\output\pjnath-i386-win32-vc11-debug\ice_session.sbr
c:\project\pjsip\pjnath\build\output\pjnath-i386-win32-vc11-debug\ice_strans.sbr
c:\project\pjsip\pjnath\build\output\pjnath-i386-win32-vc11-debug\nat_detect.sbr
c:\project\pjsip\pjnath\build\output\pjnath-i386-win32-vc11-debug\stun_auth.sbr
c:\project\pjsip\pjnath\build\output\pjnath-i386-win32-vc11-debug\stun_msg.sbr
c:\project\pjsip\pjnath\build\output\pjnath-i386-win32-vc11-debug\stun_msg_dump.sbr
c:\project\pjsip\pjnath\build\output\pjnath-i386-win32-vc11-debug\stun_session.sbr
c:\project\pjsip\pjnath\build\output\pjnath-i386-win32-vc11-debug\stun_sock.sbr
c:\project\pjsip\pjnath\build\output\pjnath-i386-win32-vc11-debug\stun_transaction.sbr
c:\project\pjsip\pjnath\build\output\pjnath-i386-win32-vc11-debug\turn_session.sbr
c:\project\pjsip\pjnath\build\output\pjnath-i386-win32-vc11-debug\turn_sock.sbr
c:\project\pjsip\pjnath\build\output\pjnath-i386-win32-vc11-debug\turn_sock.obj
c:\project\pjsip\pjnath\build\output\pjnath-i386-win32-vc11-debug\turn_session.obj
c:\project\pjsip\pjnath\build\output\pjnath-i386-win32-vc11-debug\stun_transaction.obj
c:\project\pjsip\pjnath\build\output\pjnath-i386-win32-vc11-debug\stun_sock.obj
c:\project\pjsip\pjnath\build\output\pjnath-i386-win32-vc11-debug\stun_session.obj
c:\project\pjsip\pjnath\build\output\pjnath-i386-win32-vc11-debug\stun_msg_dump.obj
c:\project\pjsip\pjnath\build\output\pjnath-i386-win32-vc11-debug\stun_msg.obj
c:\project\pjsip\pjnath\build\output\pjnath-i386-win32-vc11-debug\stun_auth.obj
c:\project\pjsip\pjnath\build\output\pjnath-i386-win32-vc11-debug\nat_detect.obj
c:\project\pjsip\pjnath\build\output\pjnath-i386-win32-vc11-debug\ice_strans.obj
c:\project\pjsip\pjnath\build\output\pjnath-i386-win32-vc11-debug\ice_session.obj
c:\project\pjsip\pjnath\build\output\pjnath-i386-win32-vc11-debug\errno.obj
c:\project\pjsip\pjnath\lib\pjnath-i386-win32-vc11-debug.lib
c:\project\pjsip\pjnath\build\..\lib\pjnath-i386-win32-vc11-debug.lib
c:\project\pjsip\pjnath\build\output\pjnath-i386-win32-vc11-debug\pjnath.tlog\bscmake.command.1.tlog
c:\project\pjsip\pjnath\build\output\pjnath-i386-win32-vc11-debug\pjnath.tlog\bscmake.read.1.tlog
c:\project\pjsip\pjnath\build\output\pjnath-i386-win32-vc11-debug\pjnath.tlog\bscmake.write.1.tlog
c:\project\pjsip\pjnath\build\output\pjnath-i386-win32-vc11-debug\pjnath.tlog\cl.command.1.tlog
c:\project\pjsip\pjnath\build\output\pjnath-i386-win32-vc11-debug\pjnath.tlog\cl.read.1.tlog
c:\project\pjsip\pjnath\build\output\pjnath-i386-win32-vc11-debug\pjnath.tlog\cl.write.1.tlog
c:\project\pjsip\pjnath\build\output\pjnath-i386-win32-vc11-debug\pjnath.tlog\lib-link.read.1.tlog
c:\project\pjsip\pjnath\build\output\pjnath-i386-win32-vc11-debug\pjnath.tlog\lib-link.write.1.tlog
c:\project\pjsip\pjnath\build\output\pjnath-i386-win32-vc11-debug\pjnath.tlog\lib.command.1.tlog
