c:\project\pjsip\pjlib-util\lib\pjlib-util-i386-win32-vc11-debug.bsc
c:\project\pjsip\pjlib-util\build\output\pjlib_util-i386-win32-vc11-debug\vc120.pdb
c:\project\pjsip\pjlib-util\build\output\pjlib_util-i386-win32-vc11-debug\vc120.idb
c:\project\pjsip\pjlib-util\build\output\pjlib_util-i386-win32-vc11-debug\base64.sbr
c:\project\pjsip\pjlib-util\build\output\pjlib_util-i386-win32-vc11-debug\cli.sbr
c:\project\pjsip\pjlib-util\build\output\pjlib_util-i386-win32-vc11-debug\cli_console.sbr
c:\project\pjsip\pjlib-util\build\output\pjlib_util-i386-win32-vc11-debug\cli_telnet.sbr
c:\project\pjsip\pjlib-util\build\output\pjlib_util-i386-win32-vc11-debug\crc32.sbr
c:\project\pjsip\pjlib-util\build\output\pjlib_util-i386-win32-vc11-debug\dns.sbr
c:\project\pjsip\pjlib-util\build\output\pjlib_util-i386-win32-vc11-debug\dns_dump.sbr
c:\project\pjsip\pjlib-util\build\output\pjlib_util-i386-win32-vc11-debug\dns_server.sbr
c:\project\pjsip\pjlib-util\build\output\pjlib_util-i386-win32-vc11-debug\errno.sbr
c:\project\pjsip\pjlib-util\build\output\pjlib_util-i386-win32-vc11-debug\getopt.sbr
c:\project\pjsip\pjlib-util\build\output\pjlib_util-i386-win32-vc11-debug\hmac_md5.sbr
c:\project\pjsip\pjlib-util\build\output\pjlib_util-i386-win32-vc11-debug\hmac_sha1.sbr
c:\project\pjsip\pjlib-util\build\output\pjlib_util-i386-win32-vc11-debug\http_client.sbr
c:\project\pjsip\pjlib-util\build\output\pjlib_util-i386-win32-vc11-debug\md5.sbr
c:\project\pjsip\pjlib-util\build\output\pjlib_util-i386-win32-vc11-debug\pcap.sbr
c:\project\pjsip\pjlib-util\build\output\pjlib_util-i386-win32-vc11-debug\resolver.sbr
c:\project\pjsip\pjlib-util\build\output\pjlib_util-i386-win32-vc11-debug\scanner.sbr
c:\project\pjsip\pjlib-util\build\output\pjlib_util-i386-win32-vc11-debug\sha1.sbr
c:\project\pjsip\pjlib-util\build\output\pjlib_util-i386-win32-vc11-debug\srv_resolver.sbr
c:\project\pjsip\pjlib-util\build\output\pjlib_util-i386-win32-vc11-debug\string.sbr
c:\project\pjsip\pjlib-util\build\output\pjlib_util-i386-win32-vc11-debug\string.obj
c:\project\pjsip\pjlib-util\build\output\pjlib_util-i386-win32-vc11-debug\srv_resolver.obj
c:\project\pjsip\pjlib-util\build\output\pjlib_util-i386-win32-vc11-debug\sha1.obj
c:\project\pjsip\pjlib-util\build\output\pjlib_util-i386-win32-vc11-debug\scanner.obj
c:\project\pjsip\pjlib-util\build\output\pjlib_util-i386-win32-vc11-debug\resolver.obj
c:\project\pjsip\pjlib-util\build\output\pjlib_util-i386-win32-vc11-debug\pcap.obj
c:\project\pjsip\pjlib-util\build\output\pjlib_util-i386-win32-vc11-debug\md5.obj
c:\project\pjsip\pjlib-util\build\output\pjlib_util-i386-win32-vc11-debug\http_client.obj
c:\project\pjsip\pjlib-util\build\output\pjlib_util-i386-win32-vc11-debug\hmac_sha1.obj
c:\project\pjsip\pjlib-util\build\output\pjlib_util-i386-win32-vc11-debug\hmac_md5.obj
c:\project\pjsip\pjlib-util\build\output\pjlib_util-i386-win32-vc11-debug\getopt.obj
c:\project\pjsip\pjlib-util\build\output\pjlib_util-i386-win32-vc11-debug\errno.obj
c:\project\pjsip\pjlib-util\build\output\pjlib_util-i386-win32-vc11-debug\dns_server.obj
c:\project\pjsip\pjlib-util\build\output\pjlib_util-i386-win32-vc11-debug\dns_dump.obj
c:\project\pjsip\pjlib-util\build\output\pjlib_util-i386-win32-vc11-debug\dns.obj
c:\project\pjsip\pjlib-util\build\output\pjlib_util-i386-win32-vc11-debug\crc32.obj
c:\project\pjsip\pjlib-util\build\output\pjlib_util-i386-win32-vc11-debug\cli_telnet.obj
c:\project\pjsip\pjlib-util\build\output\pjlib_util-i386-win32-vc11-debug\cli_console.obj
c:\project\pjsip\pjlib-util\build\output\pjlib_util-i386-win32-vc11-debug\cli.obj
c:\project\pjsip\pjlib-util\build\output\pjlib_util-i386-win32-vc11-debug\base64.obj
c:\project\pjsip\pjlib-util\build\output\pjlib_util-i386-win32-vc11-debug\stun_simple.sbr
c:\project\pjsip\pjlib-util\build\output\pjlib_util-i386-win32-vc11-debug\stun_simple_client.sbr
c:\project\pjsip\pjlib-util\build\output\pjlib_util-i386-win32-vc11-debug\symbols.sbr
c:\project\pjsip\pjlib-util\build\output\pjlib_util-i386-win32-vc11-debug\xml.sbr
c:\project\pjsip\pjlib-util\build\output\pjlib_util-i386-win32-vc11-debug\xml.obj
c:\project\pjsip\pjlib-util\build\output\pjlib_util-i386-win32-vc11-debug\symbols.obj
c:\project\pjsip\pjlib-util\build\output\pjlib_util-i386-win32-vc11-debug\stun_simple_client.obj
c:\project\pjsip\pjlib-util\build\output\pjlib_util-i386-win32-vc11-debug\stun_simple.obj
c:\project\pjsip\pjlib-util\lib\pjlib-util-i386-win32-vc11-debug.lib
c:\project\pjsip\pjlib-util\build\..\lib\pjlib-util-i386-win32-vc11-debug.lib
c:\project\pjsip\pjlib-util\build\output\pjlib_util-i386-win32-vc11-debug\pjlib_util.tlog\bscmake.command.1.tlog
c:\project\pjsip\pjlib-util\build\output\pjlib_util-i386-win32-vc11-debug\pjlib_util.tlog\bscmake.read.1.tlog
c:\project\pjsip\pjlib-util\build\output\pjlib_util-i386-win32-vc11-debug\pjlib_util.tlog\bscmake.write.1.tlog
c:\project\pjsip\pjlib-util\build\output\pjlib_util-i386-win32-vc11-debug\pjlib_util.tlog\cl.command.1.tlog
c:\project\pjsip\pjlib-util\build\output\pjlib_util-i386-win32-vc11-debug\pjlib_util.tlog\cl.read.1.tlog
c:\project\pjsip\pjlib-util\build\output\pjlib_util-i386-win32-vc11-debug\pjlib_util.tlog\cl.write.1.tlog
c:\project\pjsip\pjlib-util\build\output\pjlib_util-i386-win32-vc11-debug\pjlib_util.tlog\lib-link.read.1.tlog
c:\project\pjsip\pjlib-util\build\output\pjlib_util-i386-win32-vc11-debug\pjlib_util.tlog\lib-link.write.1.tlog
c:\project\pjsip\pjlib-util\build\output\pjlib_util-i386-win32-vc11-debug\pjlib_util.tlog\lib.command.1.tlog
