Build started 28-10-2014 01:34:22 PM.
     1>Project "C:\Project\pjsip\pjlib-util\build\pjlib_util.vcxproj" on node 5 (Build target(s)).
     1>ClCompile:
         C:\Program Files (x86)\Microsoft Visual Studio 12.0\VC\bin\CL.exe /c /I../include /I../../pjlib/include /ZI /nologo /W4 /WX- /Od /Oy- /D _LIB /D _DEBUG /D DEBUG /D WIN32 /D PJ_WIN32=1 /D PJ_M_I386=1 /D _MBCS /Gm- /EHsc /MTd /GS /fp:precise /Zc:wchar_t /Zc:forScope /Fo".\output\pjlib_util-i386-Win32-vc11-Debug\\" /Fd".\output\pjlib_util-i386-Win32-vc11-Debug\vc120.pdb" /FR".\output\pjlib_util-i386-Win32-vc11-Debug\\" /Gd /TC /analyze- /errorReport:prompt "..\src\pjlib-util\base64.c" "..\src\pjlib-util\cli.c" "..\src\pjlib-util\cli_console.c" "..\src\pjlib-util\cli_telnet.c" "..\src\pjlib-util\crc32.c" "..\src\pjlib-util\dns.c" "..\src\pjlib-util\dns_dump.c" "..\src\pjlib-util\dns_server.c" "..\src\pjlib-util\errno.c" "..\src\pjlib-util\getopt.c" "..\src\pjlib-util\hmac_md5.c" "..\src\pjlib-util\hmac_sha1.c" "..\src\pjlib-util\http_client.c" "..\src\pjlib-util\md5.c" "..\src\pjlib-util\pcap.c" "..\src\pjlib-util\resolver.c" "..\src\pjlib-util\scanner.c" "..\src\pjlib-util\sha1.c" "..\src\pjlib-util\srv_resolver.c" "..\src\pjlib-util\string.c" "..\src\pjlib-util\stun_simple.c" "..\src\pjlib-util\stun_simple_client.c" "..\src\pjlib-util\symbols.c" "..\src\pjlib-util\xml.c"
         base64.c
         cli.c
         cli_console.c
         cli_telnet.c
         crc32.c
         dns.c
         dns_dump.c
         dns_server.c
         errno.c
         getopt.c
         hmac_md5.c
         hmac_sha1.c
         http_client.c
         md5.c
         pcap.c
         resolver.c
         scanner.c
         sha1.c
         srv_resolver.c
         string.c
         Generating Code...
         Compiling...
         stun_simple.c
         stun_simple_client.c
         symbols.c
         xml.c
         Generating Code...
       Lib:
         C:\Program Files (x86)\Microsoft Visual Studio 12.0\VC\bin\Lib.exe /OUT:"..\lib\pjlib-util-i386-Win32-vc11-Debug.lib" /NOLOGO ".\output\pjlib_util-i386-Win32-vc11-Debug\base64.obj"
         ".\output\pjlib_util-i386-Win32-vc11-Debug\cli.obj"
         ".\output\pjlib_util-i386-Win32-vc11-Debug\cli_console.obj"
         ".\output\pjlib_util-i386-Win32-vc11-Debug\cli_telnet.obj"
         ".\output\pjlib_util-i386-Win32-vc11-Debug\crc32.obj"
         ".\output\pjlib_util-i386-Win32-vc11-Debug\dns.obj"
         ".\output\pjlib_util-i386-Win32-vc11-Debug\dns_dump.obj"
         ".\output\pjlib_util-i386-Win32-vc11-Debug\dns_server.obj"
         ".\output\pjlib_util-i386-Win32-vc11-Debug\errno.obj"
         ".\output\pjlib_util-i386-Win32-vc11-Debug\getopt.obj"
         ".\output\pjlib_util-i386-Win32-vc11-Debug\hmac_md5.obj"
         ".\output\pjlib_util-i386-Win32-vc11-Debug\hmac_sha1.obj"
         ".\output\pjlib_util-i386-Win32-vc11-Debug\http_client.obj"
         ".\output\pjlib_util-i386-Win32-vc11-Debug\md5.obj"
         ".\output\pjlib_util-i386-Win32-vc11-Debug\pcap.obj"
         ".\output\pjlib_util-i386-Win32-vc11-Debug\resolver.obj"
         ".\output\pjlib_util-i386-Win32-vc11-Debug\scanner.obj"
         ".\output\pjlib_util-i386-Win32-vc11-Debug\sha1.obj"
         ".\output\pjlib_util-i386-Win32-vc11-Debug\srv_resolver.obj"
         ".\output\pjlib_util-i386-Win32-vc11-Debug\string.obj"
         ".\output\pjlib_util-i386-Win32-vc11-Debug\stun_simple.obj"
         ".\output\pjlib_util-i386-Win32-vc11-Debug\stun_simple_client.obj"
         ".\output\pjlib_util-i386-Win32-vc11-Debug\symbols.obj"
         ".\output\pjlib_util-i386-Win32-vc11-Debug\xml.obj"
         pjlib_util.vcxproj -> C:\Project\pjsip\pjlib-util\build\..\lib\pjlib-util-i386-Win32-vc11-Debug.lib
       BscMake:
         C:\Program Files (x86)\Microsoft Visual Studio 12.0\VC\bin\bscmake.exe /nologo /o"..\lib\pjlib-util-i386-Win32-vc11-Debug.bsc" ".\output\pjlib_util-i386-Win32-vc11-Debug\base64.sbr" ".\output\pjlib_util-i386-Win32-vc11-Debug\cli.sbr" ".\output\pjlib_util-i386-Win32-vc11-Debug\cli_console.sbr" ".\output\pjlib_util-i386-Win32-vc11-Debug\cli_telnet.sbr" ".\output\pjlib_util-i386-Win32-vc11-Debug\crc32.sbr" ".\output\pjlib_util-i386-Win32-vc11-Debug\dns.sbr" ".\output\pjlib_util-i386-Win32-vc11-Debug\dns_dump.sbr" ".\output\pjlib_util-i386-Win32-vc11-Debug\dns_server.sbr" ".\output\pjlib_util-i386-Win32-vc11-Debug\errno.sbr" ".\output\pjlib_util-i386-Win32-vc11-Debug\getopt.sbr" ".\output\pjlib_util-i386-Win32-vc11-Debug\hmac_md5.sbr" ".\output\pjlib_util-i386-Win32-vc11-Debug\hmac_sha1.sbr" ".\output\pjlib_util-i386-Win32-vc11-Debug\http_client.sbr" ".\output\pjlib_util-i386-Win32-vc11-Debug\md5.sbr" ".\output\pjlib_util-i386-Win32-vc11-Debug\pcap.sbr" ".\output\pjlib_util-i386-Win32-vc11-Debug\resolver.sbr" ".\output\pjlib_util-i386-Win32-vc11-Debug\scanner.sbr" ".\output\pjlib_util-i386-Win32-vc11-Debug\sha1.sbr" ".\output\pjlib_util-i386-Win32-vc11-Debug\srv_resolver.sbr" ".\output\pjlib_util-i386-Win32-vc11-Debug\string.sbr" ".\output\pjlib_util-i386-Win32-vc11-Debug\stun_simple.sbr" ".\output\pjlib_util-i386-Win32-vc11-Debug\stun_simple_client.sbr" ".\output\pjlib_util-i386-Win32-vc11-Debug\symbols.sbr" ".\output\pjlib_util-i386-Win32-vc11-Debug\xml.sbr"
     1>Done Building Project "C:\Project\pjsip\pjlib-util\build\pjlib_util.vcxproj" (Build target(s)).

Build succeeded.

Time Elapsed 00:00:05.84
