Build started 28-10-2014 01:34:28 PM.
     1>Project "C:\Project\pjsip\pjmedia\build\pjmedia.vcxproj" on node 3 (Build target(s)).
     1>ClCompile:
         C:\Program Files (x86)\Microsoft Visual Studio 12.0\VC\bin\CL.exe /c /I../include /I../../pjlib/include /I"../../pjlib-util/include" /I../../pjnath/include /I../../third_party/portaudio/include /I../../third_party/speex/include /I../../third_party/build/srtp /I../../third_party/srtp/include /I../../third_party/srtp/crypto/include /I../.. /Iinclude /ZI /nologo /W4 /WX- /Od /Oy- /D _LIB /D _DEBUG /D DEBUG /D WIN32 /D PJ_WIN32=1 /D PJ_M_I386=1 /D _MBCS /Gm- /EHsc /MTd /GS /fp:precise /Zc:wchar_t /Zc:forScope /Fo".\output\pjmedia-i386-Win32-vc11-Debug\\" /Fd".\output\pjmedia-i386-Win32-vc11-Debug\vc120.pdb" /FR".\output\pjmedia-i386-Win32-vc11-Debug\\" /Gd /TC /analyze- /errorReport:prompt ..\src\pjmedia\alaw_ulaw.c ..\src\pjmedia\alaw_ulaw_table.c ..\src\pjmedia\avi_player.c ..\src\pjmedia\bidirectional.c ..\src\pjmedia\clock_thread.c ..\src\pjmedia\codec.c ..\src\pjmedia\conf_switch.c ..\src\pjmedia\conference.c ..\src\pjmedia\converter.c ..\src\pjmedia\converter_libswscale.c ..\src\pjmedia\delaybuf.c ..\src\pjmedia\echo_common.c ..\src\pjmedia\echo_port.c ..\src\pjmedia\echo_speex.c ..\src\pjmedia\echo_suppress.c ..\src\pjmedia\endpoint.c ..\src\pjmedia\errno.c ..\src\pjmedia\event.c ..\src\pjmedia\ffmpeg_util.c ..\src\pjmedia\format.c ..\src\pjmedia\g711.c ..\src\pjmedia\jbuf.c ..\src\pjmedia\master_port.c ..\src\pjmedia\mem_capture.c ..\src\pjmedia\mem_player.c ..\src\pjmedia\null_port.c ..\src\pjmedia\plc_common.c ..\src\pjmedia\port.c ..\src\pjmedia\resample_libsamplerate.c ..\src\pjmedia\resample_port.c ..\src\pjmedia\resample_resample.c ..\src\pjmedia\resample_speex.c ..\src\pjmedia\rtcp.c ..\src\pjmedia\rtcp_xr.c ..\src\pjmedia\rtp.c ..\src\pjmedia\sdp.c ..\src\pjmedia\sdp_cmp.c ..\src\pjmedia\sdp_neg.c ..\src\pjmedia\silencedet.c ..\src\pjmedia\sound_legacy.c ..\src\pjmedia\sound_port.c ..\src\pjmedia\splitcomb.c ..\src\pjmedia\stereo_port.c ..\src\pjmedia\stream.c ..\src\pjmedia\stream_common.c ..\src\pjmedia\stream_info.c ..\src\pjmedia\tonegen.c ..\src\pjmedia\transport_adapter_sample.c ..\src\pjmedia\transport_ice.c ..\src\pjmedia\transport_loop.c ..\src\pjmedia\transport_srtp.c ..\src\pjmedia\transport_udp.c ..\src\pjmedia\types.c ..\src\pjmedia\vid_codec.c ..\src\pjmedia\vid_codec_util.c ..\src\pjmedia\vid_port.c ..\src\pjmedia\vid_stream.c ..\src\pjmedia\vid_stream_info.c ..\src\pjmedia\vid_tee.c ..\src\pjmedia\wav_player.c ..\src\pjmedia\wav_playlist.c ..\src\pjmedia\wav_writer.c ..\src\pjmedia\wave.c ..\src\pjmedia\wsola.c
         alaw_ulaw.c
         alaw_ulaw_table.c
         avi_player.c
         bidirectional.c
         clock_thread.c
         codec.c
         conf_switch.c
         conference.c
         converter.c
         converter_libswscale.c
         delaybuf.c
         echo_common.c
         echo_port.c
         echo_speex.c
         echo_suppress.c
         endpoint.c
         errno.c
         event.c
         ffmpeg_util.c
         format.c
         Generating Code...
         Compiling...
         g711.c
         jbuf.c
         master_port.c
         mem_capture.c
         mem_player.c
         null_port.c
         plc_common.c
         port.c
         resample_libsamplerate.c
         resample_port.c
         resample_resample.c
         resample_speex.c
         rtcp.c
         rtcp_xr.c
         rtp.c
         sdp.c
     1>c:\project\pjsip\pjmedia\src\pjmedia\sdp.c(998): warning C4102: 'TODO___PARSE_SDP_CONN_ADDRESS_SUBFIELDS' : unreferenced label
         sdp_cmp.c
         sdp_neg.c
     1>c:\project\pjsip\pjmedia\src\pjmedia\sdp_neg.c(719): warning C4102: 'TODO___CHECK_SDP_NEGOTIATION_WHEN_ASYMETRIC_MEDIA_IS_ALLOWED' : unreferenced label
         silencedet.c
         sound_legacy.c
         Generating Code...
         Compiling...
         sound_port.c
         splitcomb.c
         stereo_port.c
         stream.c
         stream_common.c
         stream_info.c
         tonegen.c
         transport_adapter_sample.c
         transport_ice.c
         transport_loop.c
         transport_srtp.c
         transport_udp.c
         types.c
         vid_codec.c
         vid_codec_util.c
         vid_port.c
         vid_stream.c
         vid_stream_info.c
         vid_tee.c
         wav_player.c
         Generating Code...
         Compiling...
         wav_playlist.c
         wav_writer.c
         wave.c
         wsola.c
         Generating Code...
       Lib:
         C:\Program Files (x86)\Microsoft Visual Studio 12.0\VC\bin\Lib.exe /OUT:"..\lib\pjmedia-i386-Win32-vc11-Debug.lib" /NOLOGO /ignore:4221 ".\output\pjmedia-i386-Win32-vc11-Debug\alaw_ulaw.obj"
         ".\output\pjmedia-i386-Win32-vc11-Debug\alaw_ulaw_table.obj"
         ".\output\pjmedia-i386-Win32-vc11-Debug\avi_player.obj"
         ".\output\pjmedia-i386-Win32-vc11-Debug\bidirectional.obj"
         ".\output\pjmedia-i386-Win32-vc11-Debug\clock_thread.obj"
         ".\output\pjmedia-i386-Win32-vc11-Debug\codec.obj"
         ".\output\pjmedia-i386-Win32-vc11-Debug\conf_switch.obj"
         ".\output\pjmedia-i386-Win32-vc11-Debug\conference.obj"
         ".\output\pjmedia-i386-Win32-vc11-Debug\converter.obj"
         ".\output\pjmedia-i386-Win32-vc11-Debug\converter_libswscale.obj"
         ".\output\pjmedia-i386-Win32-vc11-Debug\delaybuf.obj"
         ".\output\pjmedia-i386-Win32-vc11-Debug\echo_common.obj"
         ".\output\pjmedia-i386-Win32-vc11-Debug\echo_port.obj"
         ".\output\pjmedia-i386-Win32-vc11-Debug\echo_speex.obj"
         ".\output\pjmedia-i386-Win32-vc11-Debug\echo_suppress.obj"
         ".\output\pjmedia-i386-Win32-vc11-Debug\endpoint.obj"
         ".\output\pjmedia-i386-Win32-vc11-Debug\errno.obj"
         ".\output\pjmedia-i386-Win32-vc11-Debug\event.obj"
         ".\output\pjmedia-i386-Win32-vc11-Debug\ffmpeg_util.obj"
         ".\output\pjmedia-i386-Win32-vc11-Debug\format.obj"
         ".\output\pjmedia-i386-Win32-vc11-Debug\g711.obj"
         ".\output\pjmedia-i386-Win32-vc11-Debug\jbuf.obj"
         ".\output\pjmedia-i386-Win32-vc11-Debug\master_port.obj"
         ".\output\pjmedia-i386-Win32-vc11-Debug\mem_capture.obj"
         ".\output\pjmedia-i386-Win32-vc11-Debug\mem_player.obj"
         ".\output\pjmedia-i386-Win32-vc11-Debug\null_port.obj"
         ".\output\pjmedia-i386-Win32-vc11-Debug\plc_common.obj"
         ".\output\pjmedia-i386-Win32-vc11-Debug\port.obj"
         ".\output\pjmedia-i386-Win32-vc11-Debug\resample_libsamplerate.obj"
         ".\output\pjmedia-i386-Win32-vc11-Debug\resample_port.obj"
         ".\output\pjmedia-i386-Win32-vc11-Debug\resample_resample.obj"
         ".\output\pjmedia-i386-Win32-vc11-Debug\resample_speex.obj"
         ".\output\pjmedia-i386-Win32-vc11-Debug\rtcp.obj"
         ".\output\pjmedia-i386-Win32-vc11-Debug\rtcp_xr.obj"
         ".\output\pjmedia-i386-Win32-vc11-Debug\rtp.obj"
         ".\output\pjmedia-i386-Win32-vc11-Debug\sdp.obj"
         ".\output\pjmedia-i386-Win32-vc11-Debug\sdp_cmp.obj"
         ".\output\pjmedia-i386-Win32-vc11-Debug\sdp_neg.obj"
         ".\output\pjmedia-i386-Win32-vc11-Debug\silencedet.obj"
         ".\output\pjmedia-i386-Win32-vc11-Debug\sound_legacy.obj"
         ".\output\pjmedia-i386-Win32-vc11-Debug\sound_port.obj"
         ".\output\pjmedia-i386-Win32-vc11-Debug\splitcomb.obj"
         ".\output\pjmedia-i386-Win32-vc11-Debug\stereo_port.obj"
         ".\output\pjmedia-i386-Win32-vc11-Debug\stream.obj"
         ".\output\pjmedia-i386-Win32-vc11-Debug\stream_common.obj"
         ".\output\pjmedia-i386-Win32-vc11-Debug\stream_info.obj"
         ".\output\pjmedia-i386-Win32-vc11-Debug\tonegen.obj"
         ".\output\pjmedia-i386-Win32-vc11-Debug\transport_adapter_sample.obj"
         ".\output\pjmedia-i386-Win32-vc11-Debug\transport_ice.obj"
         ".\output\pjmedia-i386-Win32-vc11-Debug\transport_loop.obj"
         ".\output\pjmedia-i386-Win32-vc11-Debug\transport_srtp.obj"
         ".\output\pjmedia-i386-Win32-vc11-Debug\transport_udp.obj"
         ".\output\pjmedia-i386-Win32-vc11-Debug\types.obj"
         ".\output\pjmedia-i386-Win32-vc11-Debug\vid_codec.obj"
         ".\output\pjmedia-i386-Win32-vc11-Debug\vid_codec_util.obj"
         ".\output\pjmedia-i386-Win32-vc11-Debug\vid_port.obj"
         ".\output\pjmedia-i386-Win32-vc11-Debug\vid_stream.obj"
         ".\output\pjmedia-i386-Win32-vc11-Debug\vid_stream_info.obj"
         ".\output\pjmedia-i386-Win32-vc11-Debug\vid_tee.obj"
         ".\output\pjmedia-i386-Win32-vc11-Debug\wav_player.obj"
         ".\output\pjmedia-i386-Win32-vc11-Debug\wav_playlist.obj"
         ".\output\pjmedia-i386-Win32-vc11-Debug\wav_writer.obj"
         ".\output\pjmedia-i386-Win32-vc11-Debug\wave.obj"
         ".\output\pjmedia-i386-Win32-vc11-Debug\wsola.obj"
         pjmedia.vcxproj -> C:\Project\pjsip\pjmedia\build\..\lib\pjmedia-i386-Win32-vc11-Debug.lib
       BscMake:
         C:\Program Files (x86)\Microsoft Visual Studio 12.0\VC\bin\bscmake.exe /nologo /o"..\lib\pjmedia-i386-Win32-vc11-Debug.bsc" ".\output\pjmedia-i386-Win32-vc11-Debug\alaw_ulaw.sbr" ".\output\pjmedia-i386-Win32-vc11-Debug\alaw_ulaw_table.sbr" ".\output\pjmedia-i386-Win32-vc11-Debug\avi_player.sbr" ".\output\pjmedia-i386-Win32-vc11-Debug\bidirectional.sbr" ".\output\pjmedia-i386-Win32-vc11-Debug\clock_thread.sbr" ".\output\pjmedia-i386-Win32-vc11-Debug\codec.sbr" ".\output\pjmedia-i386-Win32-vc11-Debug\conf_switch.sbr" ".\output\pjmedia-i386-Win32-vc11-Debug\conference.sbr" ".\output\pjmedia-i386-Win32-vc11-Debug\converter.sbr" ".\output\pjmedia-i386-Win32-vc11-Debug\converter_libswscale.sbr" ".\output\pjmedia-i386-Win32-vc11-Debug\delaybuf.sbr" ".\output\pjmedia-i386-Win32-vc11-Debug\echo_common.sbr" ".\output\pjmedia-i386-Win32-vc11-Debug\echo_port.sbr" ".\output\pjmedia-i386-Win32-vc11-Debug\echo_speex.sbr" ".\output\pjmedia-i386-Win32-vc11-Debug\echo_suppress.sbr" ".\output\pjmedia-i386-Win32-vc11-Debug\endpoint.sbr" ".\output\pjmedia-i386-Win32-vc11-Debug\errno.sbr" ".\output\pjmedia-i386-Win32-vc11-Debug\event.sbr" ".\output\pjmedia-i386-Win32-vc11-Debug\ffmpeg_util.sbr" ".\output\pjmedia-i386-Win32-vc11-Debug\format.sbr" ".\output\pjmedia-i386-Win32-vc11-Debug\g711.sbr" ".\output\pjmedia-i386-Win32-vc11-Debug\jbuf.sbr" ".\output\pjmedia-i386-Win32-vc11-Debug\master_port.sbr" ".\output\pjmedia-i386-Win32-vc11-Debug\mem_capture.sbr" ".\output\pjmedia-i386-Win32-vc11-Debug\mem_player.sbr" ".\output\pjmedia-i386-Win32-vc11-Debug\null_port.sbr" ".\output\pjmedia-i386-Win32-vc11-Debug\plc_common.sbr" ".\output\pjmedia-i386-Win32-vc11-Debug\port.sbr" ".\output\pjmedia-i386-Win32-vc11-Debug\resample_libsamplerate.sbr" ".\output\pjmedia-i386-Win32-vc11-Debug\resample_port.sbr" ".\output\pjmedia-i386-Win32-vc11-Debug\resample_resample.sbr" ".\output\pjmedia-i386-Win32-vc11-Debug\resample_speex.sbr" ".\output\pjmedia-i386-Win32-vc11-Debug\rtcp.sbr" ".\output\pjmedia-i386-Win32-vc11-Debug\rtcp_xr.sbr" ".\output\pjmedia-i386-Win32-vc11-Debug\rtp.sbr" ".\output\pjmedia-i386-Win32-vc11-Debug\sdp.sbr" ".\output\pjmedia-i386-Win32-vc11-Debug\sdp_cmp.sbr" ".\output\pjmedia-i386-Win32-vc11-Debug\sdp_neg.sbr" ".\output\pjmedia-i386-Win32-vc11-Debug\silencedet.sbr" ".\output\pjmedia-i386-Win32-vc11-Debug\sound_legacy.sbr" ".\output\pjmedia-i386-Win32-vc11-Debug\sound_port.sbr" ".\output\pjmedia-i386-Win32-vc11-Debug\splitcomb.sbr" ".\output\pjmedia-i386-Win32-vc11-Debug\stereo_port.sbr" ".\output\pjmedia-i386-Win32-vc11-Debug\stream.sbr" ".\output\pjmedia-i386-Win32-vc11-Debug\stream_common.sbr" ".\output\pjmedia-i386-Win32-vc11-Debug\stream_info.sbr" ".\output\pjmedia-i386-Win32-vc11-Debug\tonegen.sbr" ".\output\pjmedia-i386-Win32-vc11-Debug\transport_adapter_sample.sbr" ".\output\pjmedia-i386-Win32-vc11-Debug\transport_ice.sbr" ".\output\pjmedia-i386-Win32-vc11-Debug\transport_loop.sbr" ".\output\pjmedia-i386-Win32-vc11-Debug\transport_srtp.sbr" ".\output\pjmedia-i386-Win32-vc11-Debug\transport_udp.sbr" ".\output\pjmedia-i386-Win32-vc11-Debug\types.sbr" ".\output\pjmedia-i386-Win32-vc11-Debug\vid_codec.sbr" ".\output\pjmedia-i386-Win32-vc11-Debug\vid_codec_util.sbr" ".\output\pjmedia-i386-Win32-vc11-Debug\vid_port.sbr" ".\output\pjmedia-i386-Win32-vc11-Debug\vid_stream.sbr" ".\output\pjmedia-i386-Win32-vc11-Debug\vid_stream_info.sbr" ".\output\pjmedia-i386-Win32-vc11-Debug\vid_tee.sbr" ".\output\pjmedia-i386-Win32-vc11-Debug\wav_player.sbr" ".\output\pjmedia-i386-Win32-vc11-Debug\wav_playlist.sbr" ".\output\pjmedia-i386-Win32-vc11-Debug\wav_writer.sbr" ".\output\pjmedia-i386-Win32-vc11-Debug\wave.sbr" ".\output\pjmedia-i386-Win32-vc11-Debug\wsola.sbr"
     1>Done Building Project "C:\Project\pjsip\pjmedia\build\pjmedia.vcxproj" (Build target(s)).

Build succeeded.

Time Elapsed 00:00:12.29
