c:\project\pjsip\pjmedia\lib\pjmedia-i386-win32-vc11-debug.bsc
c:\project\pjsip\pjmedia\build\output\pjmedia-i386-win32-vc11-debug\vc120.pdb
c:\project\pjsip\pjmedia\build\output\pjmedia-i386-win32-vc11-debug\vc120.idb
c:\project\pjsip\pjmedia\build\output\pjmedia-i386-win32-vc11-debug\alaw_ulaw.sbr
c:\project\pjsip\pjmedia\build\output\pjmedia-i386-win32-vc11-debug\alaw_ulaw_table.sbr
c:\project\pjsip\pjmedia\build\output\pjmedia-i386-win32-vc11-debug\avi_player.sbr
c:\project\pjsip\pjmedia\build\output\pjmedia-i386-win32-vc11-debug\bidirectional.sbr
c:\project\pjsip\pjmedia\build\output\pjmedia-i386-win32-vc11-debug\clock_thread.sbr
c:\project\pjsip\pjmedia\build\output\pjmedia-i386-win32-vc11-debug\codec.sbr
c:\project\pjsip\pjmedia\build\output\pjmedia-i386-win32-vc11-debug\conf_switch.sbr
c:\project\pjsip\pjmedia\build\output\pjmedia-i386-win32-vc11-debug\conference.sbr
c:\project\pjsip\pjmedia\build\output\pjmedia-i386-win32-vc11-debug\converter.sbr
c:\project\pjsip\pjmedia\build\output\pjmedia-i386-win32-vc11-debug\converter_libswscale.sbr
c:\project\pjsip\pjmedia\build\output\pjmedia-i386-win32-vc11-debug\delaybuf.sbr
c:\project\pjsip\pjmedia\build\output\pjmedia-i386-win32-vc11-debug\echo_common.sbr
c:\project\pjsip\pjmedia\build\output\pjmedia-i386-win32-vc11-debug\echo_port.sbr
c:\project\pjsip\pjmedia\build\output\pjmedia-i386-win32-vc11-debug\echo_speex.sbr
c:\project\pjsip\pjmedia\build\output\pjmedia-i386-win32-vc11-debug\echo_suppress.sbr
c:\project\pjsip\pjmedia\build\output\pjmedia-i386-win32-vc11-debug\endpoint.sbr
c:\project\pjsip\pjmedia\build\output\pjmedia-i386-win32-vc11-debug\errno.sbr
c:\project\pjsip\pjmedia\build\output\pjmedia-i386-win32-vc11-debug\event.sbr
c:\project\pjsip\pjmedia\build\output\pjmedia-i386-win32-vc11-debug\ffmpeg_util.sbr
c:\project\pjsip\pjmedia\build\output\pjmedia-i386-win32-vc11-debug\format.sbr
c:\project\pjsip\pjmedia\build\output\pjmedia-i386-win32-vc11-debug\format.obj
c:\project\pjsip\pjmedia\build\output\pjmedia-i386-win32-vc11-debug\ffmpeg_util.obj
c:\project\pjsip\pjmedia\build\output\pjmedia-i386-win32-vc11-debug\event.obj
c:\project\pjsip\pjmedia\build\output\pjmedia-i386-win32-vc11-debug\errno.obj
c:\project\pjsip\pjmedia\build\output\pjmedia-i386-win32-vc11-debug\endpoint.obj
c:\project\pjsip\pjmedia\build\output\pjmedia-i386-win32-vc11-debug\echo_suppress.obj
c:\project\pjsip\pjmedia\build\output\pjmedia-i386-win32-vc11-debug\echo_speex.obj
c:\project\pjsip\pjmedia\build\output\pjmedia-i386-win32-vc11-debug\echo_port.obj
c:\project\pjsip\pjmedia\build\output\pjmedia-i386-win32-vc11-debug\echo_common.obj
c:\project\pjsip\pjmedia\build\output\pjmedia-i386-win32-vc11-debug\delaybuf.obj
c:\project\pjsip\pjmedia\build\output\pjmedia-i386-win32-vc11-debug\converter_libswscale.obj
c:\project\pjsip\pjmedia\build\output\pjmedia-i386-win32-vc11-debug\converter.obj
c:\project\pjsip\pjmedia\build\output\pjmedia-i386-win32-vc11-debug\conference.obj
c:\project\pjsip\pjmedia\build\output\pjmedia-i386-win32-vc11-debug\conf_switch.obj
c:\project\pjsip\pjmedia\build\output\pjmedia-i386-win32-vc11-debug\codec.obj
c:\project\pjsip\pjmedia\build\output\pjmedia-i386-win32-vc11-debug\clock_thread.obj
c:\project\pjsip\pjmedia\build\output\pjmedia-i386-win32-vc11-debug\bidirectional.obj
c:\project\pjsip\pjmedia\build\output\pjmedia-i386-win32-vc11-debug\avi_player.obj
c:\project\pjsip\pjmedia\build\output\pjmedia-i386-win32-vc11-debug\alaw_ulaw_table.obj
c:\project\pjsip\pjmedia\build\output\pjmedia-i386-win32-vc11-debug\alaw_ulaw.obj
c:\project\pjsip\pjmedia\build\output\pjmedia-i386-win32-vc11-debug\g711.sbr
c:\project\pjsip\pjmedia\build\output\pjmedia-i386-win32-vc11-debug\jbuf.sbr
c:\project\pjsip\pjmedia\build\output\pjmedia-i386-win32-vc11-debug\master_port.sbr
c:\project\pjsip\pjmedia\build\output\pjmedia-i386-win32-vc11-debug\mem_capture.sbr
c:\project\pjsip\pjmedia\build\output\pjmedia-i386-win32-vc11-debug\mem_player.sbr
c:\project\pjsip\pjmedia\build\output\pjmedia-i386-win32-vc11-debug\null_port.sbr
c:\project\pjsip\pjmedia\build\output\pjmedia-i386-win32-vc11-debug\plc_common.sbr
c:\project\pjsip\pjmedia\build\output\pjmedia-i386-win32-vc11-debug\port.sbr
c:\project\pjsip\pjmedia\build\output\pjmedia-i386-win32-vc11-debug\resample_libsamplerate.sbr
c:\project\pjsip\pjmedia\build\output\pjmedia-i386-win32-vc11-debug\resample_port.sbr
c:\project\pjsip\pjmedia\build\output\pjmedia-i386-win32-vc11-debug\resample_resample.sbr
c:\project\pjsip\pjmedia\build\output\pjmedia-i386-win32-vc11-debug\resample_speex.sbr
c:\project\pjsip\pjmedia\build\output\pjmedia-i386-win32-vc11-debug\rtcp.sbr
c:\project\pjsip\pjmedia\build\output\pjmedia-i386-win32-vc11-debug\rtcp_xr.sbr
c:\project\pjsip\pjmedia\build\output\pjmedia-i386-win32-vc11-debug\rtp.sbr
c:\project\pjsip\pjmedia\build\output\pjmedia-i386-win32-vc11-debug\sdp.sbr
c:\project\pjsip\pjmedia\build\output\pjmedia-i386-win32-vc11-debug\sdp_cmp.sbr
c:\project\pjsip\pjmedia\build\output\pjmedia-i386-win32-vc11-debug\sdp_neg.sbr
c:\project\pjsip\pjmedia\build\output\pjmedia-i386-win32-vc11-debug\silencedet.sbr
c:\project\pjsip\pjmedia\build\output\pjmedia-i386-win32-vc11-debug\sound_legacy.sbr
c:\project\pjsip\pjmedia\build\output\pjmedia-i386-win32-vc11-debug\sound_legacy.obj
c:\project\pjsip\pjmedia\build\output\pjmedia-i386-win32-vc11-debug\silencedet.obj
c:\project\pjsip\pjmedia\build\output\pjmedia-i386-win32-vc11-debug\sdp_neg.obj
c:\project\pjsip\pjmedia\build\output\pjmedia-i386-win32-vc11-debug\sdp_cmp.obj
c:\project\pjsip\pjmedia\build\output\pjmedia-i386-win32-vc11-debug\sdp.obj
c:\project\pjsip\pjmedia\build\output\pjmedia-i386-win32-vc11-debug\rtp.obj
c:\project\pjsip\pjmedia\build\output\pjmedia-i386-win32-vc11-debug\rtcp_xr.obj
c:\project\pjsip\pjmedia\build\output\pjmedia-i386-win32-vc11-debug\rtcp.obj
c:\project\pjsip\pjmedia\build\output\pjmedia-i386-win32-vc11-debug\resample_speex.obj
c:\project\pjsip\pjmedia\build\output\pjmedia-i386-win32-vc11-debug\resample_resample.obj
c:\project\pjsip\pjmedia\build\output\pjmedia-i386-win32-vc11-debug\resample_port.obj
c:\project\pjsip\pjmedia\build\output\pjmedia-i386-win32-vc11-debug\resample_libsamplerate.obj
c:\project\pjsip\pjmedia\build\output\pjmedia-i386-win32-vc11-debug\port.obj
c:\project\pjsip\pjmedia\build\output\pjmedia-i386-win32-vc11-debug\plc_common.obj
c:\project\pjsip\pjmedia\build\output\pjmedia-i386-win32-vc11-debug\null_port.obj
c:\project\pjsip\pjmedia\build\output\pjmedia-i386-win32-vc11-debug\mem_player.obj
c:\project\pjsip\pjmedia\build\output\pjmedia-i386-win32-vc11-debug\mem_capture.obj
c:\project\pjsip\pjmedia\build\output\pjmedia-i386-win32-vc11-debug\master_port.obj
c:\project\pjsip\pjmedia\build\output\pjmedia-i386-win32-vc11-debug\jbuf.obj
c:\project\pjsip\pjmedia\build\output\pjmedia-i386-win32-vc11-debug\g711.obj
c:\project\pjsip\pjmedia\build\output\pjmedia-i386-win32-vc11-debug\sound_port.sbr
c:\project\pjsip\pjmedia\build\output\pjmedia-i386-win32-vc11-debug\splitcomb.sbr
c:\project\pjsip\pjmedia\build\output\pjmedia-i386-win32-vc11-debug\stereo_port.sbr
c:\project\pjsip\pjmedia\build\output\pjmedia-i386-win32-vc11-debug\stream.sbr
c:\project\pjsip\pjmedia\build\output\pjmedia-i386-win32-vc11-debug\stream_common.sbr
c:\project\pjsip\pjmedia\build\output\pjmedia-i386-win32-vc11-debug\stream_info.sbr
c:\project\pjsip\pjmedia\build\output\pjmedia-i386-win32-vc11-debug\tonegen.sbr
c:\project\pjsip\pjmedia\build\output\pjmedia-i386-win32-vc11-debug\transport_adapter_sample.sbr
c:\project\pjsip\pjmedia\build\output\pjmedia-i386-win32-vc11-debug\transport_ice.sbr
c:\project\pjsip\pjmedia\build\output\pjmedia-i386-win32-vc11-debug\transport_loop.sbr
c:\project\pjsip\pjmedia\build\output\pjmedia-i386-win32-vc11-debug\transport_srtp.sbr
c:\project\pjsip\pjmedia\build\output\pjmedia-i386-win32-vc11-debug\transport_udp.sbr
c:\project\pjsip\pjmedia\build\output\pjmedia-i386-win32-vc11-debug\types.sbr
c:\project\pjsip\pjmedia\build\output\pjmedia-i386-win32-vc11-debug\vid_codec.sbr
c:\project\pjsip\pjmedia\build\output\pjmedia-i386-win32-vc11-debug\vid_codec_util.sbr
c:\project\pjsip\pjmedia\build\output\pjmedia-i386-win32-vc11-debug\vid_port.sbr
c:\project\pjsip\pjmedia\build\output\pjmedia-i386-win32-vc11-debug\vid_stream.sbr
c:\project\pjsip\pjmedia\build\output\pjmedia-i386-win32-vc11-debug\vid_stream_info.sbr
c:\project\pjsip\pjmedia\build\output\pjmedia-i386-win32-vc11-debug\vid_tee.sbr
c:\project\pjsip\pjmedia\build\output\pjmedia-i386-win32-vc11-debug\wav_player.sbr
c:\project\pjsip\pjmedia\build\output\pjmedia-i386-win32-vc11-debug\wav_player.obj
c:\project\pjsip\pjmedia\build\output\pjmedia-i386-win32-vc11-debug\vid_tee.obj
c:\project\pjsip\pjmedia\build\output\pjmedia-i386-win32-vc11-debug\vid_stream_info.obj
c:\project\pjsip\pjmedia\build\output\pjmedia-i386-win32-vc11-debug\vid_stream.obj
c:\project\pjsip\pjmedia\build\output\pjmedia-i386-win32-vc11-debug\vid_port.obj
c:\project\pjsip\pjmedia\build\output\pjmedia-i386-win32-vc11-debug\vid_codec_util.obj
c:\project\pjsip\pjmedia\build\output\pjmedia-i386-win32-vc11-debug\vid_codec.obj
c:\project\pjsip\pjmedia\build\output\pjmedia-i386-win32-vc11-debug\types.obj
c:\project\pjsip\pjmedia\build\output\pjmedia-i386-win32-vc11-debug\transport_udp.obj
c:\project\pjsip\pjmedia\build\output\pjmedia-i386-win32-vc11-debug\transport_srtp.obj
c:\project\pjsip\pjmedia\build\output\pjmedia-i386-win32-vc11-debug\transport_loop.obj
c:\project\pjsip\pjmedia\build\output\pjmedia-i386-win32-vc11-debug\transport_ice.obj
c:\project\pjsip\pjmedia\build\output\pjmedia-i386-win32-vc11-debug\transport_adapter_sample.obj
c:\project\pjsip\pjmedia\build\output\pjmedia-i386-win32-vc11-debug\tonegen.obj
c:\project\pjsip\pjmedia\build\output\pjmedia-i386-win32-vc11-debug\stream_info.obj
c:\project\pjsip\pjmedia\build\output\pjmedia-i386-win32-vc11-debug\stream_common.obj
c:\project\pjsip\pjmedia\build\output\pjmedia-i386-win32-vc11-debug\stream.obj
c:\project\pjsip\pjmedia\build\output\pjmedia-i386-win32-vc11-debug\stereo_port.obj
c:\project\pjsip\pjmedia\build\output\pjmedia-i386-win32-vc11-debug\splitcomb.obj
c:\project\pjsip\pjmedia\build\output\pjmedia-i386-win32-vc11-debug\sound_port.obj
c:\project\pjsip\pjmedia\build\output\pjmedia-i386-win32-vc11-debug\wav_playlist.sbr
c:\project\pjsip\pjmedia\build\output\pjmedia-i386-win32-vc11-debug\wav_writer.sbr
c:\project\pjsip\pjmedia\build\output\pjmedia-i386-win32-vc11-debug\wave.sbr
c:\project\pjsip\pjmedia\build\output\pjmedia-i386-win32-vc11-debug\wsola.sbr
c:\project\pjsip\pjmedia\build\output\pjmedia-i386-win32-vc11-debug\wsola.obj
c:\project\pjsip\pjmedia\build\output\pjmedia-i386-win32-vc11-debug\wave.obj
c:\project\pjsip\pjmedia\build\output\pjmedia-i386-win32-vc11-debug\wav_writer.obj
c:\project\pjsip\pjmedia\build\output\pjmedia-i386-win32-vc11-debug\wav_playlist.obj
c:\project\pjsip\pjmedia\lib\pjmedia-i386-win32-vc11-debug.lib
c:\project\pjsip\pjmedia\build\..\lib\pjmedia-i386-win32-vc11-debug.lib
c:\project\pjsip\pjmedia\build\output\pjmedia-i386-win32-vc11-debug\pjmedia.tlog\bscmake.command.1.tlog
c:\project\pjsip\pjmedia\build\output\pjmedia-i386-win32-vc11-debug\pjmedia.tlog\bscmake.read.1.tlog
c:\project\pjsip\pjmedia\build\output\pjmedia-i386-win32-vc11-debug\pjmedia.tlog\bscmake.write.1.tlog
c:\project\pjsip\pjmedia\build\output\pjmedia-i386-win32-vc11-debug\pjmedia.tlog\cl.command.1.tlog
c:\project\pjsip\pjmedia\build\output\pjmedia-i386-win32-vc11-debug\pjmedia.tlog\cl.read.1.tlog
c:\project\pjsip\pjmedia\build\output\pjmedia-i386-win32-vc11-debug\pjmedia.tlog\cl.write.1.tlog
c:\project\pjsip\pjmedia\build\output\pjmedia-i386-win32-vc11-debug\pjmedia.tlog\lib-link.read.1.tlog
c:\project\pjsip\pjmedia\build\output\pjmedia-i386-win32-vc11-debug\pjmedia.tlog\lib-link.write.1.tlog
c:\project\pjsip\pjmedia\build\output\pjmedia-i386-win32-vc11-debug\pjmedia.tlog\lib.command.1.tlog
