c:\project\pjsip\pjmedia\lib\pjmedia-audiodev-i386-win32-vc11-debug.bsc
c:\project\pjsip\pjmedia\build\output\pjmedia_audiodev-i386-win32-vc11-debug\vc120.pdb
c:\project\pjsip\pjmedia\build\output\pjmedia_audiodev-i386-win32-vc11-debug\vc120.idb
c:\project\pjsip\pjmedia\build\output\pjmedia_audiodev-i386-win32-vc11-debug\audiodev.sbr
c:\project\pjsip\pjmedia\build\output\pjmedia_audiodev-i386-win32-vc11-debug\audiotest.sbr
c:\project\pjsip\pjmedia\build\output\pjmedia_audiodev-i386-win32-vc11-debug\bdimad_dev.sbr
c:\project\pjsip\pjmedia\build\output\pjmedia_audiodev-i386-win32-vc11-debug\errno.sbr
c:\project\pjsip\pjmedia\build\output\pjmedia_audiodev-i386-win32-vc11-debug\legacy_dev.sbr
c:\project\pjsip\pjmedia\build\output\pjmedia_audiodev-i386-win32-vc11-debug\null_dev.sbr
c:\project\pjsip\pjmedia\build\output\pjmedia_audiodev-i386-win32-vc11-debug\pa_dev.sbr
c:\project\pjsip\pjmedia\build\output\pjmedia_audiodev-i386-win32-vc11-debug\wmme_dev.sbr
c:\project\pjsip\pjmedia\build\output\pjmedia_audiodev-i386-win32-vc11-debug\wmme_dev.obj
c:\project\pjsip\pjmedia\build\output\pjmedia_audiodev-i386-win32-vc11-debug\pa_dev.obj
c:\project\pjsip\pjmedia\build\output\pjmedia_audiodev-i386-win32-vc11-debug\null_dev.obj
c:\project\pjsip\pjmedia\build\output\pjmedia_audiodev-i386-win32-vc11-debug\legacy_dev.obj
c:\project\pjsip\pjmedia\build\output\pjmedia_audiodev-i386-win32-vc11-debug\errno.obj
c:\project\pjsip\pjmedia\build\output\pjmedia_audiodev-i386-win32-vc11-debug\bdimad_dev.obj
c:\project\pjsip\pjmedia\build\output\pjmedia_audiodev-i386-win32-vc11-debug\audiotest.obj
c:\project\pjsip\pjmedia\build\output\pjmedia_audiodev-i386-win32-vc11-debug\audiodev.obj
c:\project\pjsip\pjmedia\lib\pjmedia-audiodev-i386-win32-vc11-debug.lib
c:\project\pjsip\pjmedia\build\..\lib\pjmedia-audiodev-i386-win32-vc11-debug.lib
c:\project\pjsip\pjmedia\build\output\pjmedia_audiodev-i386-win32-vc11-debug\pjmedia_audiodev.tlog\bscmake.command.1.tlog
c:\project\pjsip\pjmedia\build\output\pjmedia_audiodev-i386-win32-vc11-debug\pjmedia_audiodev.tlog\bscmake.read.1.tlog
c:\project\pjsip\pjmedia\build\output\pjmedia_audiodev-i386-win32-vc11-debug\pjmedia_audiodev.tlog\bscmake.write.1.tlog
c:\project\pjsip\pjmedia\build\output\pjmedia_audiodev-i386-win32-vc11-debug\pjmedia_audiodev.tlog\cl.command.1.tlog
c:\project\pjsip\pjmedia\build\output\pjmedia_audiodev-i386-win32-vc11-debug\pjmedia_audiodev.tlog\cl.read.1.tlog
c:\project\pjsip\pjmedia\build\output\pjmedia_audiodev-i386-win32-vc11-debug\pjmedia_audiodev.tlog\cl.write.1.tlog
c:\project\pjsip\pjmedia\build\output\pjmedia_audiodev-i386-win32-vc11-debug\pjmedia_audiodev.tlog\lib-link.read.1.tlog
c:\project\pjsip\pjmedia\build\output\pjmedia_audiodev-i386-win32-vc11-debug\pjmedia_audiodev.tlog\lib-link.write.1.tlog
c:\project\pjsip\pjmedia\build\output\pjmedia_audiodev-i386-win32-vc11-debug\pjmedia_audiodev.tlog\lib.command.1.tlog
