c:\project\pjsip\pjmedia\lib\pjmedia-videodev-i386-win32-vc11-debug.bsc
c:\project\pjsip\pjmedia\build\output\pjmedia_videodev-i386-win32-vc11-debug\vc120.pdb
c:\project\pjsip\pjmedia\build\output\pjmedia_videodev-i386-win32-vc11-debug\vc120.idb
c:\project\pjsip\pjmedia\build\output\pjmedia_videodev-i386-win32-vc11-debug\avi_dev.sbr
c:\project\pjsip\pjmedia\build\output\pjmedia_videodev-i386-win32-vc11-debug\colorbar_dev.sbr
c:\project\pjsip\pjmedia\build\output\pjmedia_videodev-i386-win32-vc11-debug\dshow_dev.sbr
c:\project\pjsip\pjmedia\build\output\pjmedia_videodev-i386-win32-vc11-debug\errno.sbr
c:\project\pjsip\pjmedia\build\output\pjmedia_videodev-i386-win32-vc11-debug\ffmpeg_dev.sbr
c:\project\pjsip\pjmedia\build\output\pjmedia_videodev-i386-win32-vc11-debug\sdl_dev.sbr
c:\project\pjsip\pjmedia\build\output\pjmedia_videodev-i386-win32-vc11-debug\videodev.sbr
c:\project\pjsip\pjmedia\build\output\pjmedia_videodev-i386-win32-vc11-debug\videodev.obj
c:\project\pjsip\pjmedia\build\output\pjmedia_videodev-i386-win32-vc11-debug\sdl_dev.obj
c:\project\pjsip\pjmedia\build\output\pjmedia_videodev-i386-win32-vc11-debug\ffmpeg_dev.obj
c:\project\pjsip\pjmedia\build\output\pjmedia_videodev-i386-win32-vc11-debug\errno.obj
c:\project\pjsip\pjmedia\build\output\pjmedia_videodev-i386-win32-vc11-debug\dshow_dev.obj
c:\project\pjsip\pjmedia\build\output\pjmedia_videodev-i386-win32-vc11-debug\colorbar_dev.obj
c:\project\pjsip\pjmedia\build\output\pjmedia_videodev-i386-win32-vc11-debug\avi_dev.obj
c:\project\pjsip\pjmedia\build\output\pjmedia_videodev-i386-win32-vc11-debug\dshowclasses.sbr
c:\project\pjsip\pjmedia\build\output\pjmedia_videodev-i386-win32-vc11-debug\dshowclasses.obj
c:\project\pjsip\pjmedia\lib\pjmedia-videodev-i386-win32-vc11-debug.lib
c:\project\pjsip\pjmedia\build\..\lib\pjmedia-videodev-i386-win32-vc11-debug.lib
c:\project\pjsip\pjmedia\build\output\pjmedia_videodev-i386-win32-vc11-debug\pjmedia_videodev.tlog\bscmake.command.1.tlog
c:\project\pjsip\pjmedia\build\output\pjmedia_videodev-i386-win32-vc11-debug\pjmedia_videodev.tlog\bscmake.read.1.tlog
c:\project\pjsip\pjmedia\build\output\pjmedia_videodev-i386-win32-vc11-debug\pjmedia_videodev.tlog\bscmake.write.1.tlog
c:\project\pjsip\pjmedia\build\output\pjmedia_videodev-i386-win32-vc11-debug\pjmedia_videodev.tlog\cl.command.1.tlog
c:\project\pjsip\pjmedia\build\output\pjmedia_videodev-i386-win32-vc11-debug\pjmedia_videodev.tlog\cl.read.1.tlog
c:\project\pjsip\pjmedia\build\output\pjmedia_videodev-i386-win32-vc11-debug\pjmedia_videodev.tlog\cl.write.1.tlog
c:\project\pjsip\pjmedia\build\output\pjmedia_videodev-i386-win32-vc11-debug\pjmedia_videodev.tlog\lib-link.read.1.tlog
c:\project\pjsip\pjmedia\build\output\pjmedia_videodev-i386-win32-vc11-debug\pjmedia_videodev.tlog\lib-link.write.1.tlog
c:\project\pjsip\pjmedia\build\output\pjmedia_videodev-i386-win32-vc11-debug\pjmedia_videodev.tlog\lib.command.1.tlog
