c:\project\pjsip\pjmedia\lib\pjmedia-codec-i386-win32-vc11-debug.bsc
c:\project\pjsip\pjmedia\build\output\pjmedia_codec-i386-win32-vc11-debug\vc120.pdb
c:\project\pjsip\pjmedia\build\output\pjmedia_codec-i386-win32-vc11-debug\vc120.idb
c:\project\pjsip\pjmedia\build\output\pjmedia_codec-i386-win32-vc11-debug\amr_sdp_match.sbr
c:\project\pjsip\pjmedia\build\output\pjmedia_codec-i386-win32-vc11-debug\audio_codecs.sbr
c:\project\pjsip\pjmedia\build\output\pjmedia_codec-i386-win32-vc11-debug\ffmpeg_vid_codecs.sbr
c:\project\pjsip\pjmedia\build\output\pjmedia_codec-i386-win32-vc11-debug\g722.sbr
c:\project\pjsip\pjmedia\build\output\pjmedia_codec-i386-win32-vc11-debug\g7221.sbr
c:\project\pjsip\pjmedia\build\output\pjmedia_codec-i386-win32-vc11-debug\g7221_sdp_match.sbr
c:\project\pjsip\pjmedia\build\output\pjmedia_codec-i386-win32-vc11-debug\gsm.sbr
c:\project\pjsip\pjmedia\build\output\pjmedia_codec-i386-win32-vc11-debug\h263_packetizer.sbr
c:\project\pjsip\pjmedia\build\output\pjmedia_codec-i386-win32-vc11-debug\h264_packetizer.sbr
c:\project\pjsip\pjmedia\build\output\pjmedia_codec-i386-win32-vc11-debug\ilbc.sbr
c:\project\pjsip\pjmedia\build\output\pjmedia_codec-i386-win32-vc11-debug\ipp_codecs.sbr
c:\project\pjsip\pjmedia\build\output\pjmedia_codec-i386-win32-vc11-debug\l16.sbr
c:\project\pjsip\pjmedia\build\output\pjmedia_codec-i386-win32-vc11-debug\opencore_amr.sbr
c:\project\pjsip\pjmedia\build\output\pjmedia_codec-i386-win32-vc11-debug\passthrough.sbr
c:\project\pjsip\pjmedia\build\output\pjmedia_codec-i386-win32-vc11-debug\silk.sbr
c:\project\pjsip\pjmedia\build\output\pjmedia_codec-i386-win32-vc11-debug\speex_codec.sbr
c:\project\pjsip\pjmedia\build\output\pjmedia_codec-i386-win32-vc11-debug\g722_dec.sbr
c:\project\pjsip\pjmedia\build\output\pjmedia_codec-i386-win32-vc11-debug\g722_enc.sbr
c:\project\pjsip\pjmedia\build\output\pjmedia_codec-i386-win32-vc11-debug\g722_enc.obj
c:\project\pjsip\pjmedia\build\output\pjmedia_codec-i386-win32-vc11-debug\g722_dec.obj
c:\project\pjsip\pjmedia\build\output\pjmedia_codec-i386-win32-vc11-debug\speex_codec.obj
c:\project\pjsip\pjmedia\build\output\pjmedia_codec-i386-win32-vc11-debug\silk.obj
c:\project\pjsip\pjmedia\build\output\pjmedia_codec-i386-win32-vc11-debug\passthrough.obj
c:\project\pjsip\pjmedia\build\output\pjmedia_codec-i386-win32-vc11-debug\opencore_amr.obj
c:\project\pjsip\pjmedia\build\output\pjmedia_codec-i386-win32-vc11-debug\l16.obj
c:\project\pjsip\pjmedia\build\output\pjmedia_codec-i386-win32-vc11-debug\ipp_codecs.obj
c:\project\pjsip\pjmedia\build\output\pjmedia_codec-i386-win32-vc11-debug\ilbc.obj
c:\project\pjsip\pjmedia\build\output\pjmedia_codec-i386-win32-vc11-debug\h264_packetizer.obj
c:\project\pjsip\pjmedia\build\output\pjmedia_codec-i386-win32-vc11-debug\h263_packetizer.obj
c:\project\pjsip\pjmedia\build\output\pjmedia_codec-i386-win32-vc11-debug\gsm.obj
c:\project\pjsip\pjmedia\build\output\pjmedia_codec-i386-win32-vc11-debug\g7221_sdp_match.obj
c:\project\pjsip\pjmedia\build\output\pjmedia_codec-i386-win32-vc11-debug\g7221.obj
c:\project\pjsip\pjmedia\build\output\pjmedia_codec-i386-win32-vc11-debug\g722.obj
c:\project\pjsip\pjmedia\build\output\pjmedia_codec-i386-win32-vc11-debug\ffmpeg_vid_codecs.obj
c:\project\pjsip\pjmedia\build\output\pjmedia_codec-i386-win32-vc11-debug\audio_codecs.obj
c:\project\pjsip\pjmedia\build\output\pjmedia_codec-i386-win32-vc11-debug\amr_sdp_match.obj
c:\project\pjsip\pjmedia\lib\pjmedia-codec-i386-win32-vc11-debug.lib
c:\project\pjsip\pjmedia\build\..\lib\pjmedia-codec-i386-win32-vc11-debug.lib
c:\project\pjsip\pjmedia\build\output\pjmedia_codec-i386-win32-vc11-debug\pjmedia_codec.tlog\bscmake.command.1.tlog
c:\project\pjsip\pjmedia\build\output\pjmedia_codec-i386-win32-vc11-debug\pjmedia_codec.tlog\bscmake.read.1.tlog
c:\project\pjsip\pjmedia\build\output\pjmedia_codec-i386-win32-vc11-debug\pjmedia_codec.tlog\bscmake.write.1.tlog
c:\project\pjsip\pjmedia\build\output\pjmedia_codec-i386-win32-vc11-debug\pjmedia_codec.tlog\cl.command.1.tlog
c:\project\pjsip\pjmedia\build\output\pjmedia_codec-i386-win32-vc11-debug\pjmedia_codec.tlog\cl.read.1.tlog
c:\project\pjsip\pjmedia\build\output\pjmedia_codec-i386-win32-vc11-debug\pjmedia_codec.tlog\cl.write.1.tlog
c:\project\pjsip\pjmedia\build\output\pjmedia_codec-i386-win32-vc11-debug\pjmedia_codec.tlog\lib-link.read.1.tlog
c:\project\pjsip\pjmedia\build\output\pjmedia_codec-i386-win32-vc11-debug\pjmedia_codec.tlog\lib-link.write.1.tlog
c:\project\pjsip\pjmedia\build\output\pjmedia_codec-i386-win32-vc11-debug\pjmedia_codec.tlog\lib.command.1.tlog
